[0m2021.05.01 16:21:42 INFO  Started: Metals version 0.10.2 in workspace '/home/hegelpro/projects/linux/quickstart' for client vscode 1.55.2.[0m
[0m2021.05.01 16:21:43 INFO  time: initialize in 0.3s[0m
[0m2021.05.01 16:21:42 INFO  Attempting to connect to the build server...[0m
Starting the bsp launcher for bloop...
Opening a bsp server connection with 'bsp --protocol local --socket /tmp/bsp-launcher2332120581114994152/bsp.socket'...
Waiting for the bsp connection to come up...
[0m2021.05.01 16:21:43 WARN  no build target for: /home/hegelpro/projects/linux/quickstart/src/main/scala/com/example/quickstart/Home.scala[0m
Waiting for the bsp connection to come up...
[0m2021.05.01 16:21:45 INFO  no build target: using presentation compiler with only scala-library: 2.12.13[0m
Waiting for the bsp connection to come up...
Waiting for the bsp connection to come up...
[0m2021.05.01 16:21:47 INFO  time: code lens generation in 1.91s[0m
Waiting for the bsp connection to come up...
Waiting for the bsp connection to come up...
Waiting for the bsp connection to come up...
Waiting for the bsp connection to come up...
Waiting for the bsp connection to come up...
[0m2021.05.01 16:21:52 WARN  no build target for: /home/hegelpro/projects/linux/quickstart/src/main/scala/com/example/quickstart/HelloWorld.scala[0m
Waiting for the bsp connection to come up...
Waiting for the bsp connection to come up...
Waiting for the bsp connection to come up...
Waiting for the bsp connection to come up...
Waiting for the bsp connection to come up...
[0m2021.05.01 16:21:57 WARN  no build target for: /home/hegelpro/projects/linux/quickstart/src/main/scala/com/example/quickstart/HelloWorld.scala[0m
No server running at 127.0.0.1:8212, let's fire one...
Resolving ch.epfl.scala:bloop-frontend_2.12:1.4.8-19-4d9f966b...
Starting bloop server at 127.0.0.1:8212...
Attempting a connection to the server...
Attempting a connection to the server...
Attempting a connection to the server...
[0m[32m[D][0m Waiting for a connection at local:///tmp/bsp-launcher2332120581114994152/bsp.socket...
The server is listening for incoming connections at local:///tmp/bsp-launcher2332120581114994152/bsp.socket...
Starting thread that pumps stdin and redirects it to the bsp server...
Starting thread that pumps server stdout and redirects it to the client stdout...
[0m2021.05.01 16:21:58 INFO  tracing is disabled for protocol BSP, to enable tracing of incoming and outgoing JSON messages create an empty file at /home/hegelpro/.cache/metals/bsp.trace.json[0m
[0m2021.05.01 16:21:58 INFO  time: Connected to build server in 14s[0m
[0m2021.05.01 16:21:58 INFO  Connected to Build server: Bloop v1.4.8-19-4d9f966b[0m
[0m2021.05.01 16:21:58 ERROR Empty build targets. Expected at least one build target identifier.[0m
[0m2021.05.01 16:21:58 ERROR Empty build targets. Expected at least one build target identifier.[0m
[0m2021.05.01 16:21:58 ERROR Empty build targets. Expected at least one build target identifier.[0m
[0m2021.05.01 16:21:58 WARN  Could not find java sources in None. Java symbols will not be available.[0m
[0m2021.05.01 16:21:58 INFO  time: indexed workspace in 0.11s[0m
[0m2021.05.01 16:21:58 WARN  no build target for: /home/hegelpro/projects/linux/quickstart/src/main/scala/com/example/quickstart/Home.scala[0m
[0m2021.05.01 16:21:58 WARN  no build target for: /home/hegelpro/projects/linux/quickstart/src/main/scala/com/example/quickstart/HelloWorld.scala[0m
[0m2021.05.01 16:21:58 INFO  no build target: using presentation compiler with only scala-library: 2.12.13[0m
May 01, 2021 4:22:04 PM org.eclipse.lsp4j.jsonrpc.RemoteEndpoint handleCancellation
WARNING: Unmatched cancel notification for request id 40
[0m2021.05.01 16:22:12 WARN  no build target for: /home/hegelpro/projects/linux/quickstart/src/main/scala/com/example/quickstart/Home.scala[0m
[0m2021.05.01 16:22:15 WARN  no build target for: /home/hegelpro/projects/linux/quickstart/src/main/scala/com/example/quickstart/Home.scala[0m
[0m2021.05.01 16:23:35 INFO  Shut down connection with build server.[0m
No more data in the client stdin, exiting...
No more data in the server stdin, exiting...
No more data in the server stdin, exiting...
[0m2021.05.01 16:26:39 INFO  Started: Metals version 0.10.2 in workspace '/home/hegelpro/projects/linux/quickstart' for client vscode 1.55.2.[0m
[0m2021.05.01 16:26:40 INFO  time: initialize in 0.41s[0m
[0m2021.05.01 16:26:39 INFO  Attempting to connect to the build server...[0m
Starting the bsp launcher for bloop...
Opening a bsp server connection with 'bsp --protocol local --socket /tmp/bsp-launcher2218930394595976566/bsp.socket'...
Waiting for the bsp connection to come up...
[0m2021.05.01 16:26:40 WARN  no build target for: /home/hegelpro/projects/linux/quickstart/src/main/scala/com/example/quickstart/HelloWorld.scala[0m
[0m2021.05.01 16:26:40 INFO  skipping build import with status 'Requested'[0m
[0m[32m[D][0m Waiting for a connection at local:///tmp/bsp-launcher2218930394595976566/bsp.socket...
The server is listening for incoming connections at local:///tmp/bsp-launcher2218930394595976566/bsp.socket...
Starting thread that pumps stdin and redirects it to the bsp server...
Starting thread that pumps server stdout and redirects it to the client stdout...
[0m2021.05.01 16:26:40 INFO  tracing is disabled for protocol BSP, to enable tracing of incoming and outgoing JSON messages create an empty file at /home/hegelpro/.cache/metals/bsp.trace.json[0m
[0m2021.05.01 16:26:40 INFO  time: Connected to build server in 0.35s[0m
[0m2021.05.01 16:26:40 INFO  Connected to Build server: Bloop v1.4.8-19-4d9f966b[0m
[0m2021.05.01 16:26:41 INFO  no build target: using presentation compiler with only scala-library: 2.12.13[0m
[0m2021.05.01 16:26:41 ERROR Empty build targets. Expected at least one build target identifier.[0m
[0m2021.05.01 16:26:41 ERROR Empty build targets. Expected at least one build target identifier.[0m
[0m2021.05.01 16:26:41 ERROR Empty build targets. Expected at least one build target identifier.[0m
[0m2021.05.01 16:26:43 WARN  Could not find java sources in None. Java symbols will not be available.[0m
[0m2021.05.01 16:26:43 INFO  time: indexed workspace in 1.87s[0m
[0m2021.05.01 16:26:43 WARN  no build target for: /home/hegelpro/projects/linux/quickstart/src/main/scala/com/example/quickstart/HelloWorld.scala[0m
[0m2021.05.01 16:26:43 INFO  no build target: using presentation compiler with only scala-library: 2.12.13[0m
[0m2021.05.01 16:26:43 INFO  time: code lens generation in 3.32s[0m
[0m2021.05.01 16:27:55 WARN  no build target for: /home/hegelpro/projects/linux/quickstart/src/main/scala/com/example/quickstart/HelloWorld.scala[0m
May 01, 2021 4:29:06 PM org.eclipse.lsp4j.jsonrpc.services.GenericEndpoint notify
INFO: Unsupported notification method: $/setTraceNotification
[0m2021.05.01 16:29:06 INFO  shutting down Metals[0m
[0m2021.05.01 16:29:06 INFO  Shut down connection with build server.[0m
No more data in the client stdin, exiting...
No more data in the server stdin, exiting...
No more data in the server stdin, exiting...
[0m2021.05.01 16:29:13 INFO  Started: Metals version 0.10.2 in workspace '/home/hegelpro/projects/linux/quickstart' for client vscode 1.55.2.[0m
[0m2021.05.01 16:29:14 INFO  time: initialize in 0.33s[0m
[0m2021.05.01 16:29:13 INFO  Attempting to connect to the build server...[0m
Starting the bsp launcher for bloop...
Opening a bsp server connection with 'bsp --protocol local --socket /tmp/bsp-launcher3612219090424675079/bsp.socket'...
Waiting for the bsp connection to come up...
[0m2021.05.01 16:29:14 WARN  no build target for: /home/hegelpro/projects/linux/quickstart/src/main/scala/com/example/quickstart/HelloWorld.scala[0m
[0m2021.05.01 16:29:14 INFO  skipping build import with status 'Requested'[0m
[0m[32m[D][0m Waiting for a connection at local:///tmp/bsp-launcher3612219090424675079/bsp.socket...
The server is listening for incoming connections at local:///tmp/bsp-launcher3612219090424675079/bsp.socket...
Starting thread that pumps stdin and redirects it to the bsp server...
Starting thread that pumps server stdout and redirects it to the client stdout...
[0m2021.05.01 16:29:14 INFO  tracing is disabled for protocol BSP, to enable tracing of incoming and outgoing JSON messages create an empty file at /home/hegelpro/.cache/metals/bsp.trace.json[0m
[0m2021.05.01 16:29:14 INFO  time: Connected to build server in 0.27s[0m
[0m2021.05.01 16:29:14 INFO  Connected to Build server: Bloop v1.4.8-19-4d9f966b[0m
[0m2021.05.01 16:29:15 INFO  no build target: using presentation compiler with only scala-library: 2.12.13[0m
[0m2021.05.01 16:29:15 ERROR Empty build targets. Expected at least one build target identifier.[0m
[0m2021.05.01 16:29:15 ERROR Empty build targets. Expected at least one build target identifier.[0m
[0m2021.05.01 16:29:15 ERROR Empty build targets. Expected at least one build target identifier.[0m
[0m2021.05.01 16:29:17 WARN  Could not find java sources in None. Java symbols will not be available.[0m
[0m2021.05.01 16:29:17 INFO  time: indexed workspace in 1.78s[0m
[0m2021.05.01 16:29:17 WARN  no build target for: /home/hegelpro/projects/linux/quickstart/src/main/scala/com/example/quickstart/HelloWorld.scala[0m
[0m2021.05.01 16:29:17 INFO  no build target: using presentation compiler with only scala-library: 2.12.13[0m
[0m2021.05.01 16:29:17 INFO  time: code lens generation in 3.32s[0m
[0m2021.05.01 16:31:13 WARN  no build target for: /home/hegelpro/projects/linux/quickstart/src/main/scala/com/example/quickstart/Main.scala[0m
[0m2021.05.01 16:32:41 WARN  no build target for: /home/hegelpro/projects/linux/quickstart/src/main/scala/com/example/quickstart/Main.scala[0m
[0m2021.05.01 16:36:03 WARN  no build target for: /home/hegelpro/projects/linux/quickstart/src/main/scala/com/example/quickstart/Main.scala[0m
[0m2021.05.01 16:36:20 WARN  no build target for: /home/hegelpro/projects/linux/quickstart/src/main/scala/com/example/quickstart/QuickstartServer.scala[0m
[0m2021.05.01 16:41:02 WARN  no build target for: /home/hegelpro/projects/linux/quickstart/src/main/scala/com/example/quickstart/QuickstartRoutes.scala[0m
